TN:
SF:src/funko/funko.ts
FN:32,<instance_members_initializer>
FN:45,Funko
FN:58,setnombre
FN:62,setTipo
FN:66,setDescripcion
FN:70,setGenero
FN:74,setFranquicia
FN:78,setNumeroFranquicia
FN:82,setExclusivo
FN:86,setCaracteristicasEspeciales
FN:90,setValor
FN:94,get id
FN:98,get nombre
FN:102,get tipo
FN:106,get descripcion
FN:110,get genero
FN:114,get franquicia
FN:118,get numeroFranquicia
FN:122,get exclusivo
FN:126,get caracteristicasEspeciales
FN:130,get valor
FNF:21
FNH:21
FNDA:1,<instance_members_initializer>
FNDA:1,Funko
FNDA:1,setnombre
FNDA:1,setTipo
FNDA:1,setDescripcion
FNDA:1,setGenero
FNDA:1,setFranquicia
FNDA:1,setNumeroFranquicia
FNDA:1,setExclusivo
FNDA:1,setCaracteristicasEspeciales
FNDA:1,setValor
FNDA:1,get id
FNDA:2,get nombre
FNDA:2,get tipo
FNDA:2,get descripcion
FNDA:2,get genero
FNDA:2,get franquicia
FNDA:2,get numeroFranquicia
FNDA:2,get exclusivo
FNDA:2,get caracteristicasEspeciales
FNDA:2,get valor
DA:1,1
DA:2,1
DA:3,1
DA:4,1
DA:5,1
DA:6,1
DA:7,1
DA:8,1
DA:9,1
DA:10,1
DA:11,1
DA:12,1
DA:13,1
DA:14,1
DA:15,1
DA:16,1
DA:17,1
DA:18,1
DA:19,1
DA:20,1
DA:21,1
DA:22,1
DA:23,1
DA:24,1
DA:25,1
DA:26,1
DA:27,1
DA:28,1
DA:29,1
DA:30,1
DA:31,1
DA:32,1
DA:33,1
DA:34,1
DA:35,1
DA:36,1
DA:37,1
DA:38,1
DA:39,1
DA:40,1
DA:41,1
DA:42,1
DA:43,1
DA:44,1
DA:45,1
DA:46,1
DA:47,1
DA:48,1
DA:49,1
DA:50,1
DA:51,1
DA:52,1
DA:53,1
DA:54,1
DA:55,1
DA:56,1
DA:57,1
DA:58,1
DA:59,1
DA:60,1
DA:61,1
DA:62,1
DA:63,1
DA:64,1
DA:65,1
DA:66,1
DA:67,1
DA:68,1
DA:69,1
DA:70,1
DA:71,1
DA:72,1
DA:73,1
DA:74,1
DA:75,1
DA:76,1
DA:77,1
DA:78,1
DA:79,1
DA:80,1
DA:81,1
DA:82,1
DA:83,1
DA:84,1
DA:85,1
DA:86,1
DA:87,1
DA:88,1
DA:89,1
DA:90,1
DA:91,1
DA:92,1
DA:93,1
DA:94,1
DA:95,1
DA:96,1
DA:97,1
DA:98,1
DA:99,2
DA:100,2
DA:101,1
DA:102,1
DA:103,2
DA:104,2
DA:105,1
DA:106,1
DA:107,2
DA:108,2
DA:109,1
DA:110,1
DA:111,2
DA:112,2
DA:113,1
DA:114,1
DA:115,2
DA:116,2
DA:117,1
DA:118,1
DA:119,2
DA:120,2
DA:121,1
DA:122,1
DA:123,2
DA:124,2
DA:125,1
DA:126,1
DA:127,2
DA:128,2
DA:129,1
DA:130,1
DA:131,2
DA:132,2
DA:133,1
LF:133
LH:133
BRDA:13,0,0,1
BRDA:19,1,0,1
BRDA:32,2,0,1
BRDA:45,3,0,1
BRDA:58,4,0,1
BRDA:62,5,0,1
BRDA:66,6,0,1
BRDA:70,7,0,1
BRDA:74,8,0,1
BRDA:78,9,0,1
BRDA:82,10,0,1
BRDA:86,11,0,1
BRDA:90,12,0,1
BRDA:94,13,0,1
BRDA:98,14,0,2
BRDA:102,15,0,2
BRDA:106,16,0,2
BRDA:110,17,0,2
BRDA:114,18,0,2
BRDA:118,19,0,2
BRDA:122,20,0,2
BRDA:126,21,0,2
BRDA:130,22,0,2
BRF:23
BRH:23
end_of_record
TN:
SF:src/modif/add-reduce.ts
FN:15,<instance_members_initializer>
FN:16,FilterMapAddReduce
FN:20,reduce
FNF:3
FNH:3
FNDA:1,<instance_members_initializer>
FNDA:1,FilterMapAddReduce
FNDA:2,reduce
DA:1,1
DA:2,1
DA:3,1
DA:4,1
DA:5,1
DA:6,1
DA:7,1
DA:8,1
DA:9,1
DA:10,1
DA:11,1
DA:12,1
DA:13,1
DA:14,1
DA:15,1
DA:16,1
DA:17,1
DA:18,1
DA:19,1
DA:20,1
DA:21,2
DA:22,2
DA:23,6
DA:24,2
DA:25,2
DA:26,1
DA:27,1
LF:27
LH:27
BRDA:15,0,0,1
BRDA:16,1,0,1
BRDA:20,2,0,2
BRDA:22,3,0,6
BRF:4
BRH:4
end_of_record
TN:
SF:src/modif/client.ts
FN:15,clientCode
FNF:1
FNH:1
FNDA:4,clientCode
DA:1,1
DA:2,1
DA:3,1
DA:4,1
DA:5,1
DA:6,1
DA:7,1
DA:8,1
DA:9,1
DA:10,1
DA:11,1
DA:12,1
DA:13,1
DA:14,1
DA:15,1
DA:16,4
DA:17,4
LF:17
LH:17
BRDA:15,0,0,4
BRF:1
BRH:1
end_of_record
TN:
SF:src/modif/div-reduce.ts
FN:15,<instance_members_initializer>
FN:16,FilterMapDivReduce
FN:20,reduce
FNF:3
FNH:3
FNDA:1,<instance_members_initializer>
FNDA:1,FilterMapDivReduce
FNDA:2,reduce
DA:1,1
DA:2,1
DA:3,1
DA:4,1
DA:5,1
DA:6,1
DA:7,1
DA:8,1
DA:9,1
DA:10,1
DA:11,1
DA:12,1
DA:13,1
DA:14,1
DA:15,1
DA:16,1
DA:17,1
DA:18,1
DA:19,1
DA:20,1
DA:21,2
DA:22,2
DA:23,6
DA:24,2
DA:25,2
DA:26,1
DA:27,1
LF:27
LH:27
BRDA:15,0,0,1
BRDA:16,1,0,1
BRDA:20,2,0,2
BRDA:22,3,0,6
BRF:4
BRH:4
end_of_record
TN:
SF:src/modif/list-operation.ts
FN:13,<instance_members_initializer>
FN:14,listOperations
FN:18,run
FN:28,filter
FN:38,map
FN:50,afterFilter
FN:53,afterMap
FNF:7
FNH:7
FNDA:4,<instance_members_initializer>
FNDA:4,listOperations
FNDA:4,run
FNDA:8,filter
FNDA:8,map
FNDA:8,afterFilter
FNDA:8,afterMap
DA:1,1
DA:2,1
DA:3,1
DA:4,1
DA:5,1
DA:6,1
DA:7,1
DA:8,1
DA:9,1
DA:10,1
DA:11,1
DA:12,1
DA:13,1
DA:14,4
DA:15,4
DA:16,4
DA:17,4
DA:18,4
DA:19,4
DA:20,4
DA:21,4
DA:22,4
DA:23,4
DA:24,4
DA:25,4
DA:26,4
DA:27,4
DA:28,4
DA:29,8
DA:30,8
DA:31,32
DA:32,24
DA:33,24
DA:34,8
DA:35,8
DA:36,8
DA:37,4
DA:38,4
DA:39,8
DA:40,8
DA:41,24
DA:42,8
DA:43,8
DA:44,8
DA:45,4
DA:46,4
DA:47,4
DA:48,4
DA:49,4
DA:50,4
DA:51,8
DA:52,4
DA:53,4
DA:54,8
DA:55,4
DA:56,4
DA:57,4
DA:58,4
LF:58
LH:58
BRDA:13,0,0,4
BRDA:14,1,0,4
BRDA:18,2,0,4
BRDA:28,3,0,8
BRDA:30,4,0,32
BRDA:31,5,0,24
BRDA:38,6,0,8
BRDA:40,7,0,24
BRDA:50,8,0,8
BRDA:53,9,0,8
BRF:10
BRH:10
end_of_record
TN:
SF:src/modif/prod-reduce.ts
FN:15,<instance_members_initializer>
FN:16,FilterMapProdReduce
FN:20,reduce
FNF:3
FNH:3
FNDA:1,<instance_members_initializer>
FNDA:1,FilterMapProdReduce
FNDA:2,reduce
DA:1,1
DA:2,1
DA:3,1
DA:4,1
DA:5,1
DA:6,1
DA:7,1
DA:8,1
DA:9,1
DA:10,1
DA:11,1
DA:12,1
DA:13,1
DA:14,1
DA:15,1
DA:16,1
DA:17,1
DA:18,1
DA:19,1
DA:20,1
DA:21,2
DA:22,2
DA:23,6
DA:24,2
DA:25,2
DA:26,1
DA:27,1
LF:27
LH:27
BRDA:15,0,0,1
BRDA:16,1,0,1
BRDA:20,2,0,2
BRDA:22,3,0,6
BRF:4
BRH:4
end_of_record
TN:
SF:src/modif/sub-reduce.ts
FN:15,<instance_members_initializer>
FN:16,FilterMapSubReduce
FN:20,reduce
FNF:3
FNH:3
FNDA:1,<instance_members_initializer>
FNDA:1,FilterMapSubReduce
FNDA:2,reduce
DA:1,1
DA:2,1
DA:3,1
DA:4,1
DA:5,1
DA:6,1
DA:7,1
DA:8,1
DA:9,1
DA:10,1
DA:11,1
DA:12,1
DA:13,1
DA:14,1
DA:15,1
DA:16,1
DA:17,1
DA:18,1
DA:19,1
DA:20,1
DA:21,2
DA:22,2
DA:23,6
DA:24,2
DA:25,2
DA:26,1
DA:27,1
LF:27
LH:27
BRDA:15,0,0,1
BRDA:16,1,0,1
BRDA:20,2,0,2
BRDA:22,3,0,6
BRF:4
BRH:4
end_of_record
